<?xml version="1.0" ?>
<testsuites failures="0" name="TestXML" tests="2" time="0.842">
	<testsuite name="Null Value Test" failures="0"  tests="2" time="0">
		<testcase name="My Example Test Method" time="0"></testcase>
		<testcase name=" null" time="0"></testcase>
	</testsuite>

	<testsuite name="Player Tests" failures="0"  tests="4" time="0">
		<testcase name="Basic Jump Test" time="0"></testcase>
		<testcase name="Basic Double Jump Test" time="0"></testcase>
		<testcase name="Basic Wall Jump Test" time="0"></testcase>
		<testcase name="Player is player type" time="0"></testcase>
	</testsuite>

</testsuites>